e:\новая папка (5)\21variant\serv\serv\x64\debug\serv.pch
e:\новая папка (5)\21variant\serv\serv\x64\debug\vc142.pdb
e:\новая папка (5)\21variant\serv\serv\x64\debug\vc142.idb
e:\новая папка (5)\21variant\serv\serv\x64\debug\pch.obj
e:\новая папка (5)\21variant\serv\serv\x64\debug\serv.obj
e:\новая папка (5)\21variant\serv\serv\x64\debug\cmysocket.obj
e:\новая папка (5)\21variant\serv\serv\x64\debug\servdlg.obj
e:\новая папка (5)\21variant\serv\x64\debug\serv.exe
e:\новая папка (5)\21variant\serv\x64\debug\serv.ilk
e:\новая папка (5)\21variant\serv\x64\debug\serv.pdb
e:\новая папка (5)\21variant\serv\serv\x64\debug\serv.res
e:\новая папка (5)\21variant\serv\serv\x64\debug\serv.tlog\cl.command.1.tlog
e:\новая папка (5)\21variant\serv\serv\x64\debug\serv.tlog\cl.read.1.tlog
e:\новая папка (5)\21variant\serv\serv\x64\debug\serv.tlog\cl.write.1.tlog
e:\новая папка (5)\21variant\serv\serv\x64\debug\serv.tlog\link.command.1.tlog
e:\новая папка (5)\21variant\serv\serv\x64\debug\serv.tlog\link.read.1.tlog
e:\новая папка (5)\21variant\serv\serv\x64\debug\serv.tlog\link.write.1.tlog
e:\новая папка (5)\21variant\serv\serv\x64\debug\serv.tlog\rc.command.1.tlog
e:\новая папка (5)\21variant\serv\serv\x64\debug\serv.tlog\rc.read.1.tlog
e:\новая папка (5)\21variant\serv\serv\x64\debug\serv.tlog\rc.write.1.tlog
